<?xml version="1.0" encoding="UTF-8"?>
<!-- Generated by org.testng.reporters.JUnitReportReporter -->
<testsuite hostname="DESKTOP-I05SNBG" failures="0" tests="1" name="testcases.dropdown$dropdownn" time="33.048" errors="0" timestamp="2024-11-07T16:59:32 IST" skipped="0">
  <testcase classname="testcases.dropdown$dropdownn" name="test" time="33.048"/>
  <system-out/>
</testsuite> <!-- testcases.dropdown$dropdownn -->
