<?xml version="1.0" encoding="UTF-8"?>
<!-- Generated by org.testng.reporters.JUnitReportReporter -->
<testsuite hostname="DESKTOP-OVC0NH1" failures="0" tests="1" name="testngtest.practice" time="11.199" errors="0" timestamp="2025-03-05T20:26:30 IST" skipped="0">
  <testcase classname="testngtest.practice" name="main" time="11.199"/>
  <system-out/>
</testsuite> <!-- testngtest.practice -->
