<?xml version="1.0" encoding="UTF-8"?>
<!-- Generated by org.testng.reporters.JUnitReportReporter -->
<testsuite hostname="DESKTOP-OVC0NH1" failures="0" tests="1" name="Top.Alarts" time="9.324" errors="0" timestamp="2025-03-22T19:29:00 IST" skipped="0">
  <testcase classname="Top.Alarts" name="main" time="9.324"/>
  <system-out/>
</testsuite> <!-- Top.Alarts -->
