<?xml version="1.0" encoding="UTF-8"?>
<!-- Generated by org.testng.reporters.JUnitReportReporter -->
<testsuite hostname="DESKTOP-OVC0NH1" failures="0" tests="1" name="Top.Drag_and_Drop" time="5.880" errors="0" timestamp="2025-03-22T19:34:02 IST" skipped="0">
  <testcase classname="Top.Drag_and_Drop" name="main" time="5.880"/>
  <system-out/>
</testsuite> <!-- Top.Drag_and_Drop -->
