<?xml version="1.0" encoding="UTF-8"?>
<!-- Generated by org.testng.reporters.JUnitReportReporter -->
<testsuite hostname="DESKTOP-OVC0NH1" failures="0" tests="1" name="mytestrtest.dropdown" time="10.103" errors="0" timestamp="2025-03-04T18:14:49 IST" skipped="0">
  <testcase classname="mytestrtest.dropdown" name="setup" time="10.103"/>
  <system-out/>
</testsuite> <!-- mytestrtest.dropdown -->
