<?xml version="1.0" encoding="UTF-8"?>
<!-- Generated by org.testng.reporters.JUnitReportReporter -->
<testsuite hostname="DESKTOP-OVC0NH1" failures="0" tests="1" name="mytestrtest.dropdown" time="42.634" errors="0" timestamp="2025-03-23T16:43:32 IST" skipped="0">
  <testcase classname="mytestrtest.dropdown" name="setup" time="42.634"/>
  <system-out/>
</testsuite> <!-- mytestrtest.dropdown -->
