<?xml version="1.0" encoding="UTF-8"?>
<!-- Generated by org.testng.reporters.JUnitReportReporter -->
<testsuite hostname="DESKTOP-OVC0NH1" failures="0" tests="1" name="mytestrtest.dropdown" time="9.006" errors="0" timestamp="2024-12-04T13:24:35 IST" skipped="0">
  <testcase classname="mytestrtest.dropdown" name="setup" time="9.006"/>
  <system-out/>
</testsuite> <!-- mytestrtest.dropdown -->
